Active-HDL 10.1.3088.5434  2016-01-15 10:47:20 AM

Elaboration top modules:
Architecture                  cond(CRC)


---------------------------------------------------------------------------------------------
Entity   | Architecture | Library | Info | Compiler Version            | Compilation Options
---------------------------------------------------------------------------------------------
CRC      | cond         | crc     |      | 10.1.3088.5434  (Windows64) | -O3
---------------------------------------------------------------------------------------------

---------------------------------------------------------------------------------------------
VHDL Package            | Library | Info | Compiler Version            | Compilation Options
---------------------------------------------------------------------------------------------
standard                | std     |      |                             | <unavailable>
TEXTIO                  | std     |      | 10.1.3088.5434  (Windows64) |  -2008
std_logic_1164          | ieee    |      | 10.1.3088.5434  (Windows64) |  -2008
---------------------------------------------------------------------------------------------

---------------------------------------------------------------------------------------------
Library                 | Comment
---------------------------------------------------------------------------------------------
crc                     | None
ieee                    | Standard IEEE packages library
std                     | Standard VHDL library
---------------------------------------------------------------------------------------------
